0 info it worked if it ends with ok
1 verbose cli [ '/Users/ahmedshuhel/.nvm/versions/node/v6.7.0/bin/node',
1 verbose cli   '/Users/ahmedshuhel/.nvm/versions/node/v6.7.0/bin/npm',
1 verbose cli   'run',
1 verbose cli   'build' ]
2 info using npm@3.10.3
3 info using node@v6.7.0
4 verbose run-script [ 'prebuild', 'build', 'postbuild' ]
5 info lifecycle aurelia-bundler@0.4.0~prebuild: aurelia-bundler@0.4.0
6 silly lifecycle aurelia-bundler@0.4.0~prebuild: no script for prebuild, continuing
7 info lifecycle aurelia-bundler@0.4.0~build: aurelia-bundler@0.4.0
8 verbose lifecycle aurelia-bundler@0.4.0~build: unsafe-perm in lifecycle true
9 verbose lifecycle aurelia-bundler@0.4.0~build: PATH: /Users/ahmedshuhel/.nvm/versions/node/v6.7.0/lib/node_modules/npm/bin/node-gyp-bin:/Users/ahmedshuhel/Workspace/aurelia/bundler/node_modules/.bin:/Users/ahmedshuhel/.nvm/versions/node/v6.7.0/bin:/Users/ahmedshuhel/.nvm/versions/node/v6.7.0/bin:/Users/ahmedshuhel/.rvm/gems/ruby-1.9.3-p551/bin:/Users/ahmedshuhel/.rvm/gems/ruby-1.9.3-p551@global/bin:/Users/ahmedshuhel/.rvm/rubies/ruby-1.9.3-p551/bin:/usr/sbin:/sbin:/usr/local/bin:/Users/ahmedshuhel/.rvm/bin:/usr/bin:/bin:/usr/sbin:/sbin:/usr/local/bin:/usr/local/share/dotnet:/Users/ahmedshuhel/.rvm/gems/ruby-1.9.3-p551/bin:/Users/ahmedshuhel/.rvm/gems/ruby-1.9.3-p551@global/bin:/Users/ahmedshuhel/.rvm/rubies/ruby-1.9.3-p551/bin:/Users/ahmedshuhel/.rvm/bin:/Users/ahmedshuhel/.rvm/bin
10 verbose lifecycle aurelia-bundler@0.4.0~build: CWD: /Users/ahmedshuhel/Workspace/aurelia/bundler
11 silly lifecycle aurelia-bundler@0.4.0~build: Args: [ '-c', 'npm run build:compile' ]
12 silly lifecycle aurelia-bundler@0.4.0~build: Returned: code: 1  signal: null
13 info lifecycle aurelia-bundler@0.4.0~build: Failed to exec build script
14 verbose stack Error: aurelia-bundler@0.4.0 build: `npm run build:compile`
14 verbose stack Exit status 1
14 verbose stack     at EventEmitter.<anonymous> (/Users/ahmedshuhel/.nvm/versions/node/v6.7.0/lib/node_modules/npm/lib/utils/lifecycle.js:242:16)
14 verbose stack     at emitTwo (events.js:106:13)
14 verbose stack     at EventEmitter.emit (events.js:191:7)
14 verbose stack     at ChildProcess.<anonymous> (/Users/ahmedshuhel/.nvm/versions/node/v6.7.0/lib/node_modules/npm/lib/utils/spawn.js:40:14)
14 verbose stack     at emitTwo (events.js:106:13)
14 verbose stack     at ChildProcess.emit (events.js:191:7)
14 verbose stack     at maybeClose (internal/child_process.js:877:16)
14 verbose stack     at Process.ChildProcess._handle.onexit (internal/child_process.js:226:5)
15 verbose pkgid aurelia-bundler@0.4.0
16 verbose cwd /Users/ahmedshuhel/Workspace/aurelia/bundler
17 error Darwin 15.5.0
18 error argv "/Users/ahmedshuhel/.nvm/versions/node/v6.7.0/bin/node" "/Users/ahmedshuhel/.nvm/versions/node/v6.7.0/bin/npm" "run" "build"
19 error node v6.7.0
20 error npm  v3.10.3
21 error code ELIFECYCLE
22 error aurelia-bundler@0.4.0 build: `npm run build:compile`
22 error Exit status 1
23 error Failed at the aurelia-bundler@0.4.0 build script 'npm run build:compile'.
23 error Make sure you have the latest version of node.js and npm installed.
23 error If you do, this is most likely a problem with the aurelia-bundler package,
23 error not with npm itself.
23 error Tell the author that this fails on your system:
23 error     npm run build:compile
23 error You can get information on how to open an issue for this project with:
23 error     npm bugs aurelia-bundler
23 error Or if that isn't available, you can get their info via:
23 error     npm owner ls aurelia-bundler
23 error There is likely additional logging output above.
24 verbose exit [ 1, true ]
